[debug] [2025-08-09T16:16:30.029Z] ----------------------------------------------------------------------
[debug] [2025-08-09T16:16:30.031Z] Command:       C:\Program Files\nodejs\node.exe C:\Users\LENOVO\AppData\Roaming\npm\node_modules\firebase-tools\lib\bin\firebase.js init
[debug] [2025-08-09T16:16:30.032Z] CLI Version:   14.12.0
[debug] [2025-08-09T16:16:30.032Z] Platform:      win32
[debug] [2025-08-09T16:16:30.032Z] Node Version:  v22.18.0
[debug] [2025-08-09T16:16:30.032Z] Time:          Sat Aug 09 2025 21:46:30 GMT+0530 (India Standard Time)
[debug] [2025-08-09T16:16:30.032Z] ----------------------------------------------------------------------
[debug] 
[debug] [2025-08-09T16:16:30.200Z] > command requires scopes: ["email","openid","https://www.googleapis.com/auth/cloudplatformprojects.readonly","https://www.googleapis.com/auth/firebase","https://www.googleapis.com/auth/cloud-platform"]
[debug] [2025-08-09T16:16:30.200Z] > authorizing via signed-in user (reclothify123@gmail.com)
[info] 
     ######## #### ########  ######## ########     ###     ######  ########
     ##        ##  ##     ## ##       ##     ##  ##   ##  ##       ##
     ######    ##  ########  ######   ########  #########  ######  ######
     ##        ##  ##    ##  ##       ##     ## ##     ##       ## ##
     ##       #### ##     ## ######## ########  ##     ##  ######  ########

You're about to initialize a Firebase project in this directory:

  C:\Users\LENOVO\Desktop\Reclothify-logistics\reclothify-web

Before we get started, keep in mind:

  * You are initializing within an existing Firebase project directory

[info] 
=== Project Setup
[info] 
[info] First, let's associate this project directory with a Firebase project.
[info] You can create multiple project aliases by running firebase use --add, 
[info] but for now we'll just set up a default project.
[info] 
[debug] [2025-08-09T16:17:44.450Z] Using project from CLI flag: reclothify-logistics
[debug] [2025-08-09T16:17:44.452Z] Checked if tokens are valid: true, expires at: 1754759213821
[debug] [2025-08-09T16:17:44.452Z] Checked if tokens are valid: true, expires at: 1754759213821
[debug] [2025-08-09T16:17:44.453Z] >>> [apiv2][query] GET https://firebase.googleapis.com/v1beta1/projects/reclothify-logistics [none]
[debug] [2025-08-09T16:17:45.275Z] <<< [apiv2][status] GET https://firebase.googleapis.com/v1beta1/projects/reclothify-logistics 200
[debug] [2025-08-09T16:17:45.276Z] <<< [apiv2][body] GET https://firebase.googleapis.com/v1beta1/projects/reclothify-logistics {"projectId":"reclothify-logistics","projectNumber":"1030022029004","displayName":"Reclothify-Logistics","name":"projects/reclothify-logistics","resources":{"hostingSite":"reclothify-logistics","realtimeDatabaseInstance":"reclothify-logistics-default-rtdb"},"state":"ACTIVE","etag":"1_47eb54f6-b13b-498e-8ecb-d926b8df46c5"}
[info] i  Using project reclothify-logistics (Reclothify-Logistics) 
[info] 
=== Dataconnect Setup
[debug] [2025-08-09T16:17:45.538Z] Checked if tokens are valid: true, expires at: 1754759213821
[debug] [2025-08-09T16:17:45.539Z] Checked if tokens are valid: true, expires at: 1754759213821
[debug] [2025-08-09T16:17:45.539Z] >>> [apiv2][query] GET https://cloudbilling.googleapis.com/v1/projects/reclothify-logistics/billingInfo [none]
[debug] [2025-08-09T16:17:47.246Z] <<< [apiv2][status] GET https://cloudbilling.googleapis.com/v1/projects/reclothify-logistics/billingInfo 200
[debug] [2025-08-09T16:17:47.246Z] <<< [apiv2][body] GET https://cloudbilling.googleapis.com/v1/projects/reclothify-logistics/billingInfo {"name":"projects/reclothify-logistics/billingInfo","projectId":"reclothify-logistics","billingAccountName":"","billingEnabled":false}
[info] i  dataconnect: ensuring required API sqladmin.googleapis.com is enabled... 
[info] i  dataconnect: ensuring required API firebasedataconnect.googleapis.com is enabled... 
[debug] [2025-08-09T16:17:47.251Z] Checked if tokens are valid: true, expires at: 1754759213821
[debug] [2025-08-09T16:17:47.251Z] Checked if tokens are valid: true, expires at: 1754759213821
[debug] [2025-08-09T16:17:47.251Z] >>> [apiv2][query] GET https://firebasedataconnect.googleapis.com/v1/projects/reclothify-logistics/locations/-/services [none]
[debug] [2025-08-09T16:17:49.473Z] <<< [apiv2][status] GET https://firebasedataconnect.googleapis.com/v1/projects/reclothify-logistics/locations/-/services 200
[debug] [2025-08-09T16:17:49.474Z] <<< [apiv2][body] GET https://firebasedataconnect.googleapis.com/v1/projects/reclothify-logistics/locations/-/services {}
[info] i  dataconnect\dataconnect.yaml is unchanged 
[info] i  dataconnect\schema\schema.gql is unchanged 
[info] i  Skipping write of dataconnect\connector\connector.yaml 
[info] i  dataconnect\connector\queries.gql is unchanged 
[info] i  dataconnect\connector\mutations.gql is unchanged 
[info] +  Detected WEB app in directory C:\Users\LENOVO\Desktop\Reclothify-logistics\reclothify-web 
[info] i  Detected react app. Enabling react generated SDKs. 
[info] i  Writing your new SDK configuration to C:\Users\LENOVO\Desktop\Reclothify-logistics\reclothify-web\dataconnect\connector/connector.yaml 
[info] +  Wrote dataconnect\connector\connector.yaml 
[debug] [2025-08-09T16:17:51.207Z] defaultcredentials: writing to file C:\Users\LENOVO\AppData\Roaming\firebase\reclothify123_gmail_com_application_default_credentials.json
[info] I0809 21:47:51.396627    7036 codegen.go:82] [connector "default" javascriptSdk] Generating sources into "C:\\Users\\LENOVO\\Desktop\\Reclothify-logistics\\reclothify-web\\dataconnect-generated\\js\\default-connector"
I0809 21:47:51.402504    7036 generate.go:40] Generated all sources. Writing them to disk...
I0809 21:47:51.405905    7036 collector.go:107] connector "default" javascriptSdk wrote into "C:\\Users\\LENOVO\\Desktop\\Reclothify-logistics\\reclothify-web\\dataconnect-generated\\js\\default-connector"
Generated sources: react\README.md [5474B] index.d.ts [248B] esm\index.esm.js [117B] esm\package.json [17B] index.cjs.js [152B] package.json [860B] react\index.d.ts [228B] react\package.json [468B] react\index.cjs.js [0B] README.md [2896B] react\esm\package.json [17B] react\esm\index.esm.js [0B] 
I0809 21:47:51.407766    7036 installsdk.go:55] Package @firebasegen/default-connector is already installed. Skipping installation

[info] i  Generated SDK code for default 
[info] i  Visit https://firebase.google.com/docs/data-connect/web-sdk#react for more information on how to set up React Generated SDKs for Firebase Data Connect 
[info] +  If you'd like to add more generated SDKs to your app your later, run firebase init dataconnect:sdk again 
[info] i  If you'd like to provision a CloudSQL Postgres instance on the Firebase Data Connect no-cost trial:
1. Please upgrade to the pay-as-you-go (Blaze) billing plan. Visit the following page:
     https://console.firebase.google.com/project/reclothify-logistics/usage/details
2. Run firebase init dataconnect again to configure the Cloud SQL instance.
3. Run firebase deploy --only dataconnect to deploy your Data Connect service. 
[info] 
=== Firestore Setup
[info] i  firestore: ensuring required API firestore.googleapis.com is enabled... 
[debug] [2025-08-09T16:17:51.716Z] Checked if tokens are valid: true, expires at: 1754759213821
[debug] [2025-08-09T16:17:51.716Z] Checked if tokens are valid: true, expires at: 1754759213821
[debug] [2025-08-09T16:17:51.716Z] >>> [apiv2][query] GET https://firestore.googleapis.com/v1/projects/reclothify-logistics/databases [none]
[debug] [2025-08-09T16:17:52.530Z] <<< [apiv2][status] GET https://firestore.googleapis.com/v1/projects/reclothify-logistics/databases 200
[debug] [2025-08-09T16:17:52.531Z] <<< [apiv2][body] GET https://firestore.googleapis.com/v1/projects/reclothify-logistics/databases {}
[debug] [2025-08-09T16:17:52.531Z] Checked if tokens are valid: true, expires at: 1754759213821
[debug] [2025-08-09T16:17:52.532Z] Checked if tokens are valid: true, expires at: 1754759213821
[debug] [2025-08-09T16:17:52.532Z] >>> [apiv2][query] GET https://firestore.googleapis.com/v1/projects/reclothify-logistics/locations [none]
[debug] [2025-08-09T16:17:52.709Z] <<< [apiv2][status] GET https://firestore.googleapis.com/v1/projects/reclothify-logistics/locations 200
[debug] [2025-08-09T16:17:52.709Z] <<< [apiv2][body] GET https://firestore.googleapis.com/v1/projects/reclothify-logistics/locations {"locations":[{"name":"projects/reclothify-logistics/locations/eur3","labels":{"appengine.googleapis.com/geo":"europe-west","cloud.googleapis.com/location":"eur3","cloud.googleapis.com/geo":"eur3"},"metadata":{"@type":"type.googleapis.com/google.firestore.admin.v1.LocationMetadata"},"locationId":"eur3","displayName":"Europe"},{"name":"projects/reclothify-logistics/locations/nam5","labels":{"appengine.googleapis.com/geo":"us-central","cloud.googleapis.com/location":"nam5","cloud.googleapis.com/geo":"nam5"},"metadata":{"@type":"type.googleapis.com/google.firestore.admin.v1.LocationMetadata"},"locationId":"nam5","displayName":"United States"},{"name":"projects/reclothify-logistics/locations/nam7","labels":{"cloud.googleapis.com/location":"nam7","cloud.googleapis.com/geo":"nam7"},"metadata":{"@type":"type.googleapis.com/google.firestore.admin.v1.LocationMetadata"},"locationId":"nam7","displayName":"United States"},{"name":"projects/reclothify-logistics/locations/africa-south1","labels":{"cloud.googleapis.com/location":"africa-south1","cloud.googleapis.com/region":"africa-south1"},"metadata":{"@type":"type.googleapis.com/google.firestore.admin.v1.LocationMetadata"},"locationId":"africa-south1","displayName":"Johannesburg"},{"name":"projects/reclothify-logistics/locations/asia-east1","labels":{"appengine.googleapis.com/region":"asia-east1","cloud.googleapis.com/location":"asia-east1","cloud.googleapis.com/region":"asia-east1"},"metadata":{"@type":"type.googleapis.com/google.firestore.admin.v1.LocationMetadata"},"locationId":"asia-east1","displayName":"Taiwan"},{"name":"projects/reclothify-logistics/locations/asia-east2","labels":{"appengine.googleapis.com/region":"asia-east2","cloud.googleapis.com/location":"asia-east2","cloud.googleapis.com/region":"asia-east2"},"metadata":{"@type":"type.googleapis.com/google.firestore.admin.v1.LocationMetadata"},"locationId":"asia-east2","displayName":"Hong Kong"},{"name":"projects/reclothify-logistics/locations/asia-northeast1","labels":{"appengine.googleapis.com/region":"asia-northeast1","cloud.googleapis.com/location":"asia-northeast1","cloud.googleapis.com/region":"asia-northeast1"},"metadata":{"@type":"type.googleapis.com/google.firestore.admin.v1.LocationMetadata"},"locationId":"asia-northeast1","displayName":"Tokyo"},{"name":"projects/reclothify-logistics/locations/asia-northeast2","labels":{"appengine.googleapis.com/region":"asia-northeast2","cloud.googleapis.com/location":"asia-northeast2","cloud.googleapis.com/region":"asia-northeast2"},"metadata":{"@type":"type.googleapis.com/google.firestore.admin.v1.LocationMetadata"},"locationId":"asia-northeast2","displayName":"Osaka"},{"name":"projects/reclothify-logistics/locations/asia-northeast3","labels":{"appengine.googleapis.com/region":"asia-northeast3","cloud.googleapis.com/location":"asia-northeast3","cloud.googleapis.com/region":"asia-northeast3"},"metadata":{"@type":"type.googleapis.com/google.firestore.admin.v1.LocationMetadata"},"locationId":"asia-northeast3","displayName":"Seoul"},{"name":"projects/reclothify-logistics/locations/asia-south1","labels":{"appengine.googleapis.com/region":"asia-south1","cloud.googleapis.com/location":"asia-south1","cloud.googleapis.com/region":"asia-south1"},"metadata":{"@type":"type.googleapis.com/google.firestore.admin.v1.LocationMetadata"},"locationId":"asia-south1","displayName":"Mumbai"},{"name":"projects/reclothify-logistics/locations/asia-south2","labels":{"cloud.googleapis.com/location":"asia-south2","cloud.googleapis.com/region":"asia-south2"},"metadata":{"@type":"type.googleapis.com/google.firestore.admin.v1.LocationMetadata"},"locationId":"asia-south2","displayName":"Delhi"},{"name":"projects/reclothify-logistics/locations/asia-southeast1","labels":{"appengine.googleapis.com/region":"asia-southeast1","cloud.googleapis.com/location":"asia-southeast1","cloud.googleapis.com/region":"asia-southeast1"},"metadata":{"@type":"type.googleapis.com/google.firestore.admin.v1.LocationMetadata"},"locationId":"asia-southeast1","displayName":"Singapore"},{"name":"projects/reclothify-logistics/locations/asia-southeast2","labels":{"appengine.googleapis.com/region":"asia-southeast2","cloud.googleapis.com/location":"asia-southeast2","cloud.googleapis.com/region":"asia-southeast2"},"metadata":{"@type":"type.googleapis.com/google.firestore.admin.v1.LocationMetadata"},"locationId":"asia-southeast2","displayName":"Jakarta"},{"name":"projects/reclothify-logistics/locations/australia-southeast1","labels":{"appengine.googleapis.com/region":"australia-southeast1","cloud.googleapis.com/location":"australia-southeast1","cloud.googleapis.com/region":"australia-southeast1"},"metadata":{"@type":"type.googleapis.com/google.firestore.admin.v1.LocationMetadata"},"locationId":"australia-southeast1","displayName":"Sydney"},{"name":"projects/reclothify-logistics/locations/australia-southeast2","labels":{"cloud.googleapis.com/location":"australia-southeast2","cloud.googleapis.com/region":"australia-southeast2"},"metadata":{"@type":"type.googleapis.com/google.firestore.admin.v1.LocationMetadata"},"locationId":"australia-southeast2","displayName":"Melbourne"},{"name":"projects/reclothify-logistics/locations/europe-central2","labels":{"appengine.googleapis.com/region":"europe-central2","cloud.googleapis.com/location":"europe-central2","cloud.googleapis.com/region":"europe-central2"},"metadata":{"@type":"type.googleapis.com/google.firestore.admin.v1.LocationMetadata"},"locationId":"europe-central2","displayName":"Warsaw"},{"name":"projects/reclothify-logistics/locations/europe-north1","labels":{"cloud.googleapis.com/location":"europe-north1","cloud.googleapis.com/region":"europe-north1"},"metadata":{"@type":"type.googleapis.com/google.firestore.admin.v1.LocationMetadata"},"locationId":"europe-north1","displayName":"Finland"},{"name":"projects/reclothify-logistics/locations/europe-north2","labels":{"cloud.googleapis.com/location":"europe-north2","cloud.googleapis.com/region":"europe-north2"},"metadata":{"@type":"type.googleapis.com/google.firestore.admin.v1.LocationMetadata"},"locationId":"europe-north2","displayName":"Stockholm"},{"name":"projects/reclothify-logistics/locations/europe-southwest1","labels":{"cloud.googleapis.com/location":"europe-southwest1","cloud.googleapis.com/region":"europe-southwest1"},"metadata":{"@type":"type.googleapis.com/google.firestore.admin.v1.LocationMetadata"},"locationId":"europe-southwest1","displayName":"Madrid"},{"name":"projects/reclothify-logistics/locations/europe-west1","labels":{"cloud.googleapis.com/location":"europe-west1","cloud.googleapis.com/region":"europe-west1"},"metadata":{"@type":"type.googleapis.com/google.firestore.admin.v1.LocationMetadata"},"locationId":"europe-west1","displayName":"Belgium"},{"name":"projects/reclothify-logistics/locations/europe-west10","labels":{"cloud.googleapis.com/location":"europe-west10","cloud.googleapis.com/region":"europe-west10"},"metadata":{"@type":"type.googleapis.com/google.firestore.admin.v1.LocationMetadata"},"locationId":"europe-west10","displayName":"Berlin"},{"name":"projects/reclothify-logistics/locations/europe-west12","labels":{"cloud.googleapis.com/location":"europe-west12","cloud.googleapis.com/region":"europe-west12"},"metadata":{"@type":"type.googleapis.com/google.firestore.admin.v1.LocationMetadata"},"locationId":"europe-west12","displayName":"Turin"},{"name":"projects/reclothify-logistics/locations/europe-west2","labels":{"appengine.googleapis.com/region":"europe-west2","cloud.googleapis.com/location":"europe-west2","cloud.googleapis.com/region":"europe-west2"},"metadata":{"@type":"type.googleapis.com/google.firestore.admin.v1.LocationMetadata"},"locationId":"europe-west2","displayName":"London"},{"name":"projects/reclothify-logistics/locations/europe-west3","labels":{"appengine.googleapis.com/region":"europe-west3","cloud.googleapis.com/location":"europe-west3","cloud.googleapis.com/region":"europe-west3"},"metadata":{"@type":"type.googleapis.com/google.firestore.admin.v1.LocationMetadata"},"locationId":"europe-west3","displayName":"Frankfurt"},{"name":"projects/reclothify-logistics/locations/europe-west4","labels":{"cloud.googleapis.com/location":"europe-west4","cloud.googleapis.com/region":"europe-west4"},"metadata":{"@type":"type.googleapis.com/google.firestore.admin.v1.LocationMetadata"},"locationId":"europe-west4","displayName":"Netherlands"},{"name":"projects/reclothify-logistics/locations/europe-west6","labels":{"appengine.googleapis.com/region":"europe-west6","cloud.googleapis.com/location":"europe-west6","cloud.googleapis.com/region":"europe-west6"},"metadata":{"@type":"type.googleapis.com/google.firestore.admin.v1.LocationMetadata"},"locationId":"europe-west6","displayName":"Zurich"},{"name":"projects/reclothify-logistics/locations/europe-west8","labels":{"cloud.googleapis.com/location":"europe-west8","cloud.googleapis.com/region":"europe-west8"},"metadata":{"@type":"type.googleapis.com/google.firestore.admin.v1.LocationMetadata"},"locationId":"europe-west8","displayName":"Milan"},{"name":"projects/reclothify-logistics/locations/europe-west9","labels":{"cloud.googleapis.com/location":"europe-west9","cloud.googleapis.com/region":"europe-west9"},"metadata":{"@type":"type.googleapis.com/google.firestore.admin.v1.LocationMetadata"},"locationId":"europe-west9","displayName":"Paris"},{"name":"projects/reclothify-logistics/locations/me-central1","labels":{"cloud.googleapis.com/location":"me-central1","cloud.googleapis.com/region":"me-central1"},"metadata":{"@type":"type.googleapis.com/google.firestore.admin.v1.LocationMetadata"},"locationId":"me-central1","displayName":"Doha"},{"name":"projects/reclothify-logistics/locations/me-central2","labels":{"cloud.googleapis.com/location":"me-central2","cloud.googleapis.com/region":"me-central2"},"metadata":{"@type":"type.googleapis.com/google.firestore.admin.v1.LocationMetadata"},"locationId":"me-central2","displayName":"Dammam"},{"name":"projects/reclothify-logistics/locations/me-west1","labels":{"cloud.googleapis.com/location":"me-west1","cloud.googleapis.com/region":"me-west1"},"metadata":{"@type":"type.googleapis.com/google.firestore.admin.v1.LocationMetadata"},"locationId":"me-west1","displayName":"Tel Aviv"},{"name":"projects/reclothify-logistics/locations/northamerica-northeast1","labels":{"appengine.googleapis.com/region":"northamerica-northeast1","cloud.googleapis.com/location":"northamerica-northeast1","cloud.googleapis.com/region":"northamerica-northeast1"},"metadata":{"@type":"type.googleapis.com/google.firestore.admin.v1.LocationMetadata"},"locationId":"northamerica-northeast1","displayName":"Montréal"},{"name":"projects/reclothify-logistics/locations/northamerica-northeast2","labels":{"cloud.googleapis.com/location":"northamerica-northeast2","cloud.googleapis.com/region":"northamerica-northeast2"},"metadata":{"@type":"type.googleapis.com/google.firestore.admin.v1.LocationMetadata"},"locationId":"northamerica-northeast2","displayName":"Toronto"},{"name":"projects/reclothify-logistics/locations/northamerica-south1","labels":{"cloud.googleapis.com/location":"northamerica-south1","cloud.googleapis.com/region":"northamerica-south1"},"metadata":{"@type":"type.googleapis.com/google.firestore.admin.v1.LocationMetadata"},"locationId":"northamerica-south1","displayName":"Mexico"},{"name":"projects/reclothify-logistics/locations/southamerica-east1","labels":{"appengine.googleapis.com/region":"southamerica-east1","cloud.googleapis.com/location":"southamerica-east1","cloud.googleapis.com/region":"southamerica-east1"},"metadata":{"@type":"type.googleapis.com/google.firestore.admin.v1.LocationMetadata"},"locationId":"southamerica-east1","displayName":"São Paulo"},{"name":"projects/reclothify-logistics/locations/southamerica-west1","labels":{"cloud.googleapis.com/location":"southamerica-west1","cloud.googleapis.com/region":"southamerica-west1"},"metadata":{"@type":"type.googleapis.com/google.firestore.admin.v1.LocationMetadata"},"locationId":"southamerica-west1","displayName":"Santiago"},{"name":"projects/reclothify-logistics/locations/us-central1","labels":{"cloud.googleapis.com/location":"us-central1","cloud.googleapis.com/region":"us-central1"},"metadata":{"@type":"type.googleapis.com/google.firestore.admin.v1.LocationMetadata"},"locationId":"us-central1","displayName":"Iowa"},{"name":"projects/reclothify-logistics/locations/us-east1","labels":{"appengine.googleapis.com/region":"us-east1","cloud.googleapis.com/location":"us-east1","cloud.googleapis.com/region":"us-east1"},"metadata":{"@type":"type.googleapis.com/google.firestore.admin.v1.LocationMetadata"},"locationId":"us-east1","displayName":"South Carolina"},{"name":"projects/reclothify-logistics/locations/us-east4","labels":{"appengine.googleapis.com/region":"us-east4","cloud.googleapis.com/location":"us-east4","cloud.googleapis.com/region":"us-east4"},"metadata":{"@type":"type.googleapis.com/google.firestore.admin.v1.LocationMetadata"},"locationId":"us-east4","displayName":"Northern Virginia"},{"name":"projects/reclothify-logistics/locations/us-east5","labels":{"cloud.googleapis.com/location":"us-east5","cloud.googleapis.com/region":"us-east5"},"metadata":{"@type":"type.googleapis.com/google.firestore.admin.v1.LocationMetadata"},"locationId":"us-east5","displayName":"Columbus"},{"name":"projects/reclothify-logistics/locations/us-south1","labels":{"cloud.googleapis.com/location":"us-south1","cloud.googleapis.com/region":"us-south1"},"metadata":{"@type":"type.googleapis.com/google.firestore.admin.v1.LocationMetadata"},"locationId":"us-south1","displayName":"Dallas"},{"name":"projects/reclothify-logistics/locations/us-west1","labels":{"appengine.googleapis.com/region":"us-west1","cloud.googleapis.com/location":"us-west1","cloud.googleapis.com/region":"us-west1"},"metadata":{"@type":"type.googleapis.com/google.firestore.admin.v1.LocationMetadata"},"locationId":"us-west1","displayName":"Oregon"},{"name":"projects/reclothify-logistics/locations/us-west2","labels":{"appengine.googleapis.com/region":"us-west2","cloud.googleapis.com/location":"us-west2","cloud.googleapis.com/region":"us-west2"},"metadata":{"@type":"type.googleapis.com/google.firestore.admin.v1.LocationMetadata"},"locationId":"us-west2","displayName":"Los Angeles"},{"name":"projects/reclothify-logistics/locations/us-west3","labels":{"appengine.googleapis.com/region":"us-west3","cloud.googleapis.com/location":"us-west3","cloud.googleapis.com/region":"us-west3"},"metadata":{"@type":"type.googleapis.com/google.firestore.admin.v1.LocationMetadata"},"locationId":"us-west3","displayName":"Salt Lake City"},{"name":"projects/reclothify-logistics/locations/us-west4","labels":{"appengine.googleapis.com/region":"us-west4","cloud.googleapis.com/location":"us-west4","cloud.googleapis.com/region":"us-west4"},"metadata":{"@type":"type.googleapis.com/google.firestore.admin.v1.LocationMetadata"},"locationId":"us-west4","displayName":"Las Vegas"},{"name":"projects/reclothify-logistics/locations/us-west8","labels":{"cloud.googleapis.com/location":"us-west8","cloud.googleapis.com/region":"us-west8"},"metadata":{"@type":"type.googleapis.com/google.firestore.admin.v1.LocationMetadata"},"locationId":"us-west8","displayName":"Phoenix"}]}
[info] 
[info] Firestore Security Rules allow you to define how and when to allow
[info] requests. You can keep these rules in your project directory
[info] and publish them with firebase deploy.
[info] 
[debug] [2025-08-09T16:18:02.996Z] Checked if tokens are valid: true, expires at: 1754759213821
[debug] [2025-08-09T16:18:02.997Z] Checked if tokens are valid: true, expires at: 1754759213821
[debug] [2025-08-09T16:18:02.997Z] >>> [apiv2][query] GET https://firebaserules.googleapis.com/v1/projects/reclothify-logistics/releases pageSize=10&pageToken=
[debug] [2025-08-09T16:18:04.688Z] <<< [apiv2][status] GET https://firebaserules.googleapis.com/v1/projects/reclothify-logistics/releases 200
[debug] [2025-08-09T16:18:04.689Z] <<< [apiv2][body] GET https://firebaserules.googleapis.com/v1/projects/reclothify-logistics/releases {}
[info] i  firestore.rules is unchanged 
[info] 
[info] Firestore indexes allow you to perform complex queries while
[info] maintaining performance that scales with the size of the result
[info] set. You can keep index definitions in your project directory
[info] and publish them with firebase deploy.
[info] 
[debug] [2025-08-09T16:18:05.827Z] Checked if tokens are valid: true, expires at: 1754759213821
[debug] [2025-08-09T16:18:05.827Z] Checked if tokens are valid: true, expires at: 1754759213821
[debug] [2025-08-09T16:18:05.827Z] Checked if tokens are valid: true, expires at: 1754759213821
[debug] [2025-08-09T16:18:05.827Z] Checked if tokens are valid: true, expires at: 1754759213821
[debug] [2025-08-09T16:18:05.827Z] >>> [apiv2][query] GET https://firestore.googleapis.com/v1/projects/reclothify-logistics/databases/(default)/collectionGroups/-/indexes [none]
[debug] [2025-08-09T16:18:05.829Z] >>> [apiv2][query] GET https://firestore.googleapis.com/v1/projects/reclothify-logistics/databases/(default)/collectionGroups/-/fields?filter=indexConfig.usesAncestorConfig=false OR ttlConfig:* [none]
[debug] [2025-08-09T16:18:06.099Z] <<< [apiv2][status] GET https://firestore.googleapis.com/v1/projects/reclothify-logistics/databases/(default)/collectionGroups/-/indexes 404
[debug] [2025-08-09T16:18:06.100Z] <<< [apiv2][body] GET https://firestore.googleapis.com/v1/projects/reclothify-logistics/databases/(default)/collectionGroups/-/indexes {"error":{"code":404,"message":"Project 'reclothify-logistics' or database '(default)' does not exist.","status":"NOT_FOUND"}}
[info] i  firestore.indexes.json is unchanged 
[info] +  Wrote firestore.indexes.json 
[debug] [2025-08-09T16:18:06.107Z] <<< [apiv2][status] GET https://firestore.googleapis.com/v1/projects/reclothify-logistics/databases/(default)/collectionGroups/-/fields?filter=indexConfig.usesAncestorConfig=false OR ttlConfig:* 404
[debug] [2025-08-09T16:18:06.107Z] <<< [apiv2][body] GET https://firestore.googleapis.com/v1/projects/reclothify-logistics/databases/(default)/collectionGroups/-/fields?filter=indexConfig.usesAncestorConfig=false OR ttlConfig:* {"error":{"code":404,"message":"Project 'reclothify-logistics' or database '(default)' does not exist.","status":"NOT_FOUND"}}
[info] 
=== Functions Setup
[debug] [2025-08-09T16:18:06.414Z] > command requires scopes: ["email","openid","https://www.googleapis.com/auth/cloudplatformprojects.readonly","https://www.googleapis.com/auth/firebase","https://www.googleapis.com/auth/cloud-platform"]
[debug] [2025-08-09T16:18:06.414Z] > authorizing via signed-in user (reclothify123@gmail.com)
[debug] [2025-08-09T16:18:06.414Z] [iam] checking project reclothify-logistics for permissions ["firebase.projects.get"]
[debug] [2025-08-09T16:18:06.415Z] Checked if tokens are valid: true, expires at: 1754759213821
[debug] [2025-08-09T16:18:06.415Z] Checked if tokens are valid: true, expires at: 1754759213821
[debug] [2025-08-09T16:18:06.416Z] >>> [apiv2][query] POST https://cloudresourcemanager.googleapis.com/v1/projects/reclothify-logistics:testIamPermissions [none]
[debug] [2025-08-09T16:18:06.416Z] >>> [apiv2][(partial)header] POST https://cloudresourcemanager.googleapis.com/v1/projects/reclothify-logistics:testIamPermissions x-goog-quota-user=projects/reclothify-logistics
[debug] [2025-08-09T16:18:06.416Z] >>> [apiv2][body] POST https://cloudresourcemanager.googleapis.com/v1/projects/reclothify-logistics:testIamPermissions {"permissions":["firebase.projects.get"]}
[debug] [2025-08-09T16:18:08.087Z] <<< [apiv2][status] POST https://cloudresourcemanager.googleapis.com/v1/projects/reclothify-logistics:testIamPermissions 200
[debug] [2025-08-09T16:18:08.087Z] <<< [apiv2][body] POST https://cloudresourcemanager.googleapis.com/v1/projects/reclothify-logistics:testIamPermissions {"permissions":["firebase.projects.get"]}
[info] Let's create a new codebase for your functions.
[info] A directory corresponding to the codebase will be created in your project
[info] with sample code pre-configured.

[info] See https://firebase.google.com/docs/functions/organize-functions for
[info] more information on organizing your functions using codebases.

[info] Functions can be deployed with firebase deploy.

[info] +  Wrote functions/requirements.txt 
[info] +  Wrote functions/.gitignore 
[info] +  Wrote functions/main.py 
[debug] [2025-08-09T16:19:17.053Z] Running command with virtualenv: command="C:\Users\LENOVO\Desktop\Reclothify-logistics\reclothify-web\functions\venv\Scripts\activate.bat", args=["","&&","pip3","install","--upgrade","pip"]
[debug] [2025-08-09T16:19:17.374Z] Error: spawn "C:\Users\LENOVO\Desktop\Reclothify-logistics\reclothify-web\functions\venv\Scripts\activate.bat" ENOENT
    at notFoundError (C:\Users\LENOVO\AppData\Roaming\npm\node_modules\firebase-tools\node_modules\cross-spawn\lib\enoent.js:6:26)
    at verifyENOENT (C:\Users\LENOVO\AppData\Roaming\npm\node_modules\firebase-tools\node_modules\cross-spawn\lib\enoent.js:40:16)
    at cp.emit (C:\Users\LENOVO\AppData\Roaming\npm\node_modules\firebase-tools\node_modules\cross-spawn\lib\enoent.js:27:25)
    at ChildProcess._handle.onexit (node:internal/child_process:293:12)
    at Process.callbackTrampoline (node:internal/async_hooks:130:17)
[error] 
[error] Error: An unexpected error has occurred.
[debug] [2025-08-09T16:19:25.779Z] ----------------------------------------------------------------------
[debug] [2025-08-09T16:19:25.781Z] Command:       C:\Program Files\nodejs\node.exe C:\Users\LENOVO\AppData\Roaming\npm\node_modules\firebase-tools\lib\bin\firebase.js init
[debug] [2025-08-09T16:19:25.781Z] CLI Version:   14.12.0
[debug] [2025-08-09T16:19:25.781Z] Platform:      win32
[debug] [2025-08-09T16:19:25.781Z] Node Version:  v22.18.0
[debug] [2025-08-09T16:19:25.782Z] Time:          Sat Aug 09 2025 21:49:25 GMT+0530 (India Standard Time)
[debug] [2025-08-09T16:19:25.782Z] ----------------------------------------------------------------------
[debug] 
[debug] [2025-08-09T16:19:25.952Z] > command requires scopes: ["email","openid","https://www.googleapis.com/auth/cloudplatformprojects.readonly","https://www.googleapis.com/auth/firebase","https://www.googleapis.com/auth/cloud-platform"]
[debug] [2025-08-09T16:19:25.953Z] > authorizing via signed-in user (reclothify123@gmail.com)
[info] 
     ######## #### ########  ######## ########     ###     ######  ########
     ##        ##  ##     ## ##       ##     ##  ##   ##  ##       ##
     ######    ##  ########  ######   ########  #########  ######  ######
     ##        ##  ##    ##  ##       ##     ## ##     ##       ## ##
     ##       #### ##     ## ######## ########  ##     ##  ######  ########

You're about to initialize a Firebase project in this directory:

  C:\Users\LENOVO\Desktop\Reclothify-logistics\reclothify-web

Before we get started, keep in mind:

  * You are initializing within an existing Firebase project directory

[info] 
=== Project Setup
[info] 
[info] First, let's associate this project directory with a Firebase project.
[info] You can create multiple project aliases by running firebase use --add, 
[info] but for now we'll just set up a default project.
[info] 
[debug] [2025-08-09T16:19:45.155Z] Using project from CLI flag: reclothify-logistics
[debug] [2025-08-09T16:19:45.156Z] Checked if tokens are valid: true, expires at: 1754759213821
[debug] [2025-08-09T16:19:45.157Z] Checked if tokens are valid: true, expires at: 1754759213821
[debug] [2025-08-09T16:19:45.157Z] >>> [apiv2][query] GET https://firebase.googleapis.com/v1beta1/projects/reclothify-logistics [none]
[debug] [2025-08-09T16:19:46.094Z] <<< [apiv2][status] GET https://firebase.googleapis.com/v1beta1/projects/reclothify-logistics 200
[debug] [2025-08-09T16:19:46.094Z] <<< [apiv2][body] GET https://firebase.googleapis.com/v1beta1/projects/reclothify-logistics {"projectId":"reclothify-logistics","projectNumber":"1030022029004","displayName":"Reclothify-Logistics","name":"projects/reclothify-logistics","resources":{"hostingSite":"reclothify-logistics","realtimeDatabaseInstance":"reclothify-logistics-default-rtdb"},"state":"ACTIVE","etag":"1_47eb54f6-b13b-498e-8ecb-d926b8df46c5"}
[info] i  Using project reclothify-logistics (Reclothify-Logistics) 
[info] 
=== Dataconnect Setup
[debug] [2025-08-09T16:19:46.324Z] Checked if tokens are valid: true, expires at: 1754759213821
[debug] [2025-08-09T16:19:46.324Z] Checked if tokens are valid: true, expires at: 1754759213821
[debug] [2025-08-09T16:19:46.324Z] >>> [apiv2][query] GET https://cloudbilling.googleapis.com/v1/projects/reclothify-logistics/billingInfo [none]
[debug] [2025-08-09T16:19:48.004Z] <<< [apiv2][status] GET https://cloudbilling.googleapis.com/v1/projects/reclothify-logistics/billingInfo 200
[debug] [2025-08-09T16:19:48.005Z] <<< [apiv2][body] GET https://cloudbilling.googleapis.com/v1/projects/reclothify-logistics/billingInfo {"name":"projects/reclothify-logistics/billingInfo","projectId":"reclothify-logistics","billingAccountName":"","billingEnabled":false}
[info] i  dataconnect: ensuring required API sqladmin.googleapis.com is enabled... 
[info] i  dataconnect: ensuring required API firebasedataconnect.googleapis.com is enabled... 
[debug] [2025-08-09T16:19:48.009Z] Checked if tokens are valid: true, expires at: 1754759213821
[debug] [2025-08-09T16:19:48.009Z] Checked if tokens are valid: true, expires at: 1754759213821
[debug] [2025-08-09T16:19:48.009Z] >>> [apiv2][query] GET https://firebasedataconnect.googleapis.com/v1/projects/reclothify-logistics/locations/-/services [none]
[debug] [2025-08-09T16:19:50.127Z] <<< [apiv2][status] GET https://firebasedataconnect.googleapis.com/v1/projects/reclothify-logistics/locations/-/services 200
[debug] [2025-08-09T16:19:50.127Z] <<< [apiv2][body] GET https://firebasedataconnect.googleapis.com/v1/projects/reclothify-logistics/locations/-/services {}
[info] i  dataconnect\dataconnect.yaml is unchanged 
[info] i  dataconnect\schema\schema.gql is unchanged 
[info] i  Skipping write of dataconnect\connector\connector.yaml 
[info] i  dataconnect\connector\queries.gql is unchanged 
[info] i  dataconnect\connector\mutations.gql is unchanged 
[info] +  Detected WEB app in directory C:\Users\LENOVO\Desktop\Reclothify-logistics\reclothify-web 
[info] i  Detected react app. Enabling react generated SDKs. 
[info] i  Writing your new SDK configuration to C:\Users\LENOVO\Desktop\Reclothify-logistics\reclothify-web\dataconnect\connector/connector.yaml 
[info] +  Wrote dataconnect\connector\connector.yaml 
[debug] [2025-08-09T16:19:50.989Z] defaultcredentials: writing to file C:\Users\LENOVO\AppData\Roaming\firebase\reclothify123_gmail_com_application_default_credentials.json
[info] I0809 21:49:51.038699    9824 codegen.go:82] [connector "default" javascriptSdk] Generating sources into "C:\\Users\\LENOVO\\Desktop\\Reclothify-logistics\\reclothify-web\\dataconnect-generated\\js\\default-connector"
I0809 21:49:51.046590    9824 generate.go:40] Generated all sources. Writing them to disk...
I0809 21:49:51.050117    9824 collector.go:107] connector "default" javascriptSdk wrote into "C:\\Users\\LENOVO\\Desktop\\Reclothify-logistics\\reclothify-web\\dataconnect-generated\\js\\default-connector"
Generated sources: package.json [860B] react\index.d.ts [228B] react\package.json [468B] react\esm\package.json [17B] react\esm\index.esm.js [0B] index.cjs.js [152B] README.md [2896B] react\index.cjs.js [0B] react\README.md [5474B] index.d.ts [248B] esm\index.esm.js [117B] esm\package.json [17B] 
I0809 21:49:51.051746    9824 installsdk.go:55] Package @firebasegen/default-connector is already installed. Skipping installation

[info] i  Generated SDK code for default 
[info] i  Visit https://firebase.google.com/docs/data-connect/web-sdk#react for more information on how to set up React Generated SDKs for Firebase Data Connect 
[info] +  If you'd like to add more generated SDKs to your app your later, run firebase init dataconnect:sdk again 
[info] i  If you'd like to provision a CloudSQL Postgres instance on the Firebase Data Connect no-cost trial:
1. Please upgrade to the pay-as-you-go (Blaze) billing plan. Visit the following page:
     https://console.firebase.google.com/project/reclothify-logistics/usage/details
2. Run firebase init dataconnect again to configure the Cloud SQL instance.
3. Run firebase deploy --only dataconnect to deploy your Data Connect service. 
[info] 
=== Firestore Setup
[info] i  firestore: ensuring required API firestore.googleapis.com is enabled... 
[debug] [2025-08-09T16:19:51.210Z] Checked if tokens are valid: true, expires at: 1754759213821
[debug] [2025-08-09T16:19:51.210Z] Checked if tokens are valid: true, expires at: 1754759213821
[debug] [2025-08-09T16:19:51.210Z] >>> [apiv2][query] GET https://firestore.googleapis.com/v1/projects/reclothify-logistics/databases [none]
[debug] [2025-08-09T16:19:52.116Z] <<< [apiv2][status] GET https://firestore.googleapis.com/v1/projects/reclothify-logistics/databases 200
[debug] [2025-08-09T16:19:52.117Z] <<< [apiv2][body] GET https://firestore.googleapis.com/v1/projects/reclothify-logistics/databases {}
[debug] [2025-08-09T16:19:52.117Z] Checked if tokens are valid: true, expires at: 1754759213821
[debug] [2025-08-09T16:19:52.117Z] Checked if tokens are valid: true, expires at: 1754759213821
[debug] [2025-08-09T16:19:52.117Z] >>> [apiv2][query] GET https://firestore.googleapis.com/v1/projects/reclothify-logistics/locations [none]
[debug] [2025-08-09T16:19:52.328Z] <<< [apiv2][status] GET https://firestore.googleapis.com/v1/projects/reclothify-logistics/locations 200
[debug] [2025-08-09T16:19:52.328Z] <<< [apiv2][body] GET https://firestore.googleapis.com/v1/projects/reclothify-logistics/locations {"locations":[{"name":"projects/reclothify-logistics/locations/eur3","labels":{"appengine.googleapis.com/geo":"europe-west","cloud.googleapis.com/location":"eur3","cloud.googleapis.com/geo":"eur3"},"metadata":{"@type":"type.googleapis.com/google.firestore.admin.v1.LocationMetadata"},"locationId":"eur3","displayName":"Europe"},{"name":"projects/reclothify-logistics/locations/nam5","labels":{"appengine.googleapis.com/geo":"us-central","cloud.googleapis.com/location":"nam5","cloud.googleapis.com/geo":"nam5"},"metadata":{"@type":"type.googleapis.com/google.firestore.admin.v1.LocationMetadata"},"locationId":"nam5","displayName":"United States"},{"name":"projects/reclothify-logistics/locations/nam7","labels":{"cloud.googleapis.com/location":"nam7","cloud.googleapis.com/geo":"nam7"},"metadata":{"@type":"type.googleapis.com/google.firestore.admin.v1.LocationMetadata"},"locationId":"nam7","displayName":"United States"},{"name":"projects/reclothify-logistics/locations/africa-south1","labels":{"cloud.googleapis.com/location":"africa-south1","cloud.googleapis.com/region":"africa-south1"},"metadata":{"@type":"type.googleapis.com/google.firestore.admin.v1.LocationMetadata"},"locationId":"africa-south1","displayName":"Johannesburg"},{"name":"projects/reclothify-logistics/locations/asia-east1","labels":{"appengine.googleapis.com/region":"asia-east1","cloud.googleapis.com/location":"asia-east1","cloud.googleapis.com/region":"asia-east1"},"metadata":{"@type":"type.googleapis.com/google.firestore.admin.v1.LocationMetadata"},"locationId":"asia-east1","displayName":"Taiwan"},{"name":"projects/reclothify-logistics/locations/asia-east2","labels":{"appengine.googleapis.com/region":"asia-east2","cloud.googleapis.com/location":"asia-east2","cloud.googleapis.com/region":"asia-east2"},"metadata":{"@type":"type.googleapis.com/google.firestore.admin.v1.LocationMetadata"},"locationId":"asia-east2","displayName":"Hong Kong"},{"name":"projects/reclothify-logistics/locations/asia-northeast1","labels":{"appengine.googleapis.com/region":"asia-northeast1","cloud.googleapis.com/location":"asia-northeast1","cloud.googleapis.com/region":"asia-northeast1"},"metadata":{"@type":"type.googleapis.com/google.firestore.admin.v1.LocationMetadata"},"locationId":"asia-northeast1","displayName":"Tokyo"},{"name":"projects/reclothify-logistics/locations/asia-northeast2","labels":{"appengine.googleapis.com/region":"asia-northeast2","cloud.googleapis.com/location":"asia-northeast2","cloud.googleapis.com/region":"asia-northeast2"},"metadata":{"@type":"type.googleapis.com/google.firestore.admin.v1.LocationMetadata"},"locationId":"asia-northeast2","displayName":"Osaka"},{"name":"projects/reclothify-logistics/locations/asia-northeast3","labels":{"appengine.googleapis.com/region":"asia-northeast3","cloud.googleapis.com/location":"asia-northeast3","cloud.googleapis.com/region":"asia-northeast3"},"metadata":{"@type":"type.googleapis.com/google.firestore.admin.v1.LocationMetadata"},"locationId":"asia-northeast3","displayName":"Seoul"},{"name":"projects/reclothify-logistics/locations/asia-south1","labels":{"appengine.googleapis.com/region":"asia-south1","cloud.googleapis.com/location":"asia-south1","cloud.googleapis.com/region":"asia-south1"},"metadata":{"@type":"type.googleapis.com/google.firestore.admin.v1.LocationMetadata"},"locationId":"asia-south1","displayName":"Mumbai"},{"name":"projects/reclothify-logistics/locations/asia-south2","labels":{"cloud.googleapis.com/location":"asia-south2","cloud.googleapis.com/region":"asia-south2"},"metadata":{"@type":"type.googleapis.com/google.firestore.admin.v1.LocationMetadata"},"locationId":"asia-south2","displayName":"Delhi"},{"name":"projects/reclothify-logistics/locations/asia-southeast1","labels":{"appengine.googleapis.com/region":"asia-southeast1","cloud.googleapis.com/location":"asia-southeast1","cloud.googleapis.com/region":"asia-southeast1"},"metadata":{"@type":"type.googleapis.com/google.firestore.admin.v1.LocationMetadata"},"locationId":"asia-southeast1","displayName":"Singapore"},{"name":"projects/reclothify-logistics/locations/asia-southeast2","labels":{"appengine.googleapis.com/region":"asia-southeast2","cloud.googleapis.com/location":"asia-southeast2","cloud.googleapis.com/region":"asia-southeast2"},"metadata":{"@type":"type.googleapis.com/google.firestore.admin.v1.LocationMetadata"},"locationId":"asia-southeast2","displayName":"Jakarta"},{"name":"projects/reclothify-logistics/locations/australia-southeast1","labels":{"appengine.googleapis.com/region":"australia-southeast1","cloud.googleapis.com/location":"australia-southeast1","cloud.googleapis.com/region":"australia-southeast1"},"metadata":{"@type":"type.googleapis.com/google.firestore.admin.v1.LocationMetadata"},"locationId":"australia-southeast1","displayName":"Sydney"},{"name":"projects/reclothify-logistics/locations/australia-southeast2","labels":{"cloud.googleapis.com/location":"australia-southeast2","cloud.googleapis.com/region":"australia-southeast2"},"metadata":{"@type":"type.googleapis.com/google.firestore.admin.v1.LocationMetadata"},"locationId":"australia-southeast2","displayName":"Melbourne"},{"name":"projects/reclothify-logistics/locations/europe-central2","labels":{"appengine.googleapis.com/region":"europe-central2","cloud.googleapis.com/location":"europe-central2","cloud.googleapis.com/region":"europe-central2"},"metadata":{"@type":"type.googleapis.com/google.firestore.admin.v1.LocationMetadata"},"locationId":"europe-central2","displayName":"Warsaw"},{"name":"projects/reclothify-logistics/locations/europe-north1","labels":{"cloud.googleapis.com/location":"europe-north1","cloud.googleapis.com/region":"europe-north1"},"metadata":{"@type":"type.googleapis.com/google.firestore.admin.v1.LocationMetadata"},"locationId":"europe-north1","displayName":"Finland"},{"name":"projects/reclothify-logistics/locations/europe-north2","labels":{"cloud.googleapis.com/location":"europe-north2","cloud.googleapis.com/region":"europe-north2"},"metadata":{"@type":"type.googleapis.com/google.firestore.admin.v1.LocationMetadata"},"locationId":"europe-north2","displayName":"Stockholm"},{"name":"projects/reclothify-logistics/locations/europe-southwest1","labels":{"cloud.googleapis.com/location":"europe-southwest1","cloud.googleapis.com/region":"europe-southwest1"},"metadata":{"@type":"type.googleapis.com/google.firestore.admin.v1.LocationMetadata"},"locationId":"europe-southwest1","displayName":"Madrid"},{"name":"projects/reclothify-logistics/locations/europe-west1","labels":{"cloud.googleapis.com/location":"europe-west1","cloud.googleapis.com/region":"europe-west1"},"metadata":{"@type":"type.googleapis.com/google.firestore.admin.v1.LocationMetadata"},"locationId":"europe-west1","displayName":"Belgium"},{"name":"projects/reclothify-logistics/locations/europe-west10","labels":{"cloud.googleapis.com/location":"europe-west10","cloud.googleapis.com/region":"europe-west10"},"metadata":{"@type":"type.googleapis.com/google.firestore.admin.v1.LocationMetadata"},"locationId":"europe-west10","displayName":"Berlin"},{"name":"projects/reclothify-logistics/locations/europe-west12","labels":{"cloud.googleapis.com/location":"europe-west12","cloud.googleapis.com/region":"europe-west12"},"metadata":{"@type":"type.googleapis.com/google.firestore.admin.v1.LocationMetadata"},"locationId":"europe-west12","displayName":"Turin"},{"name":"projects/reclothify-logistics/locations/europe-west2","labels":{"appengine.googleapis.com/region":"europe-west2","cloud.googleapis.com/location":"europe-west2","cloud.googleapis.com/region":"europe-west2"},"metadata":{"@type":"type.googleapis.com/google.firestore.admin.v1.LocationMetadata"},"locationId":"europe-west2","displayName":"London"},{"name":"projects/reclothify-logistics/locations/europe-west3","labels":{"appengine.googleapis.com/region":"europe-west3","cloud.googleapis.com/location":"europe-west3","cloud.googleapis.com/region":"europe-west3"},"metadata":{"@type":"type.googleapis.com/google.firestore.admin.v1.LocationMetadata"},"locationId":"europe-west3","displayName":"Frankfurt"},{"name":"projects/reclothify-logistics/locations/europe-west4","labels":{"cloud.googleapis.com/location":"europe-west4","cloud.googleapis.com/region":"europe-west4"},"metadata":{"@type":"type.googleapis.com/google.firestore.admin.v1.LocationMetadata"},"locationId":"europe-west4","displayName":"Netherlands"},{"name":"projects/reclothify-logistics/locations/europe-west6","labels":{"appengine.googleapis.com/region":"europe-west6","cloud.googleapis.com/location":"europe-west6","cloud.googleapis.com/region":"europe-west6"},"metadata":{"@type":"type.googleapis.com/google.firestore.admin.v1.LocationMetadata"},"locationId":"europe-west6","displayName":"Zurich"},{"name":"projects/reclothify-logistics/locations/europe-west8","labels":{"cloud.googleapis.com/location":"europe-west8","cloud.googleapis.com/region":"europe-west8"},"metadata":{"@type":"type.googleapis.com/google.firestore.admin.v1.LocationMetadata"},"locationId":"europe-west8","displayName":"Milan"},{"name":"projects/reclothify-logistics/locations/europe-west9","labels":{"cloud.googleapis.com/location":"europe-west9","cloud.googleapis.com/region":"europe-west9"},"metadata":{"@type":"type.googleapis.com/google.firestore.admin.v1.LocationMetadata"},"locationId":"europe-west9","displayName":"Paris"},{"name":"projects/reclothify-logistics/locations/me-central1","labels":{"cloud.googleapis.com/location":"me-central1","cloud.googleapis.com/region":"me-central1"},"metadata":{"@type":"type.googleapis.com/google.firestore.admin.v1.LocationMetadata"},"locationId":"me-central1","displayName":"Doha"},{"name":"projects/reclothify-logistics/locations/me-central2","labels":{"cloud.googleapis.com/location":"me-central2","cloud.googleapis.com/region":"me-central2"},"metadata":{"@type":"type.googleapis.com/google.firestore.admin.v1.LocationMetadata"},"locationId":"me-central2","displayName":"Dammam"},{"name":"projects/reclothify-logistics/locations/me-west1","labels":{"cloud.googleapis.com/location":"me-west1","cloud.googleapis.com/region":"me-west1"},"metadata":{"@type":"type.googleapis.com/google.firestore.admin.v1.LocationMetadata"},"locationId":"me-west1","displayName":"Tel Aviv"},{"name":"projects/reclothify-logistics/locations/northamerica-northeast1","labels":{"appengine.googleapis.com/region":"northamerica-northeast1","cloud.googleapis.com/location":"northamerica-northeast1","cloud.googleapis.com/region":"northamerica-northeast1"},"metadata":{"@type":"type.googleapis.com/google.firestore.admin.v1.LocationMetadata"},"locationId":"northamerica-northeast1","displayName":"Montréal"},{"name":"projects/reclothify-logistics/locations/northamerica-northeast2","labels":{"cloud.googleapis.com/location":"northamerica-northeast2","cloud.googleapis.com/region":"northamerica-northeast2"},"metadata":{"@type":"type.googleapis.com/google.firestore.admin.v1.LocationMetadata"},"locationId":"northamerica-northeast2","displayName":"Toronto"},{"name":"projects/reclothify-logistics/locations/northamerica-south1","labels":{"cloud.googleapis.com/location":"northamerica-south1","cloud.googleapis.com/region":"northamerica-south1"},"metadata":{"@type":"type.googleapis.com/google.firestore.admin.v1.LocationMetadata"},"locationId":"northamerica-south1","displayName":"Mexico"},{"name":"projects/reclothify-logistics/locations/southamerica-east1","labels":{"appengine.googleapis.com/region":"southamerica-east1","cloud.googleapis.com/location":"southamerica-east1","cloud.googleapis.com/region":"southamerica-east1"},"metadata":{"@type":"type.googleapis.com/google.firestore.admin.v1.LocationMetadata"},"locationId":"southamerica-east1","displayName":"São Paulo"},{"name":"projects/reclothify-logistics/locations/southamerica-west1","labels":{"cloud.googleapis.com/location":"southamerica-west1","cloud.googleapis.com/region":"southamerica-west1"},"metadata":{"@type":"type.googleapis.com/google.firestore.admin.v1.LocationMetadata"},"locationId":"southamerica-west1","displayName":"Santiago"},{"name":"projects/reclothify-logistics/locations/us-central1","labels":{"cloud.googleapis.com/location":"us-central1","cloud.googleapis.com/region":"us-central1"},"metadata":{"@type":"type.googleapis.com/google.firestore.admin.v1.LocationMetadata"},"locationId":"us-central1","displayName":"Iowa"},{"name":"projects/reclothify-logistics/locations/us-east1","labels":{"appengine.googleapis.com/region":"us-east1","cloud.googleapis.com/location":"us-east1","cloud.googleapis.com/region":"us-east1"},"metadata":{"@type":"type.googleapis.com/google.firestore.admin.v1.LocationMetadata"},"locationId":"us-east1","displayName":"South Carolina"},{"name":"projects/reclothify-logistics/locations/us-east4","labels":{"appengine.googleapis.com/region":"us-east4","cloud.googleapis.com/location":"us-east4","cloud.googleapis.com/region":"us-east4"},"metadata":{"@type":"type.googleapis.com/google.firestore.admin.v1.LocationMetadata"},"locationId":"us-east4","displayName":"Northern Virginia"},{"name":"projects/reclothify-logistics/locations/us-east5","labels":{"cloud.googleapis.com/location":"us-east5","cloud.googleapis.com/region":"us-east5"},"metadata":{"@type":"type.googleapis.com/google.firestore.admin.v1.LocationMetadata"},"locationId":"us-east5","displayName":"Columbus"},{"name":"projects/reclothify-logistics/locations/us-south1","labels":{"cloud.googleapis.com/location":"us-south1","cloud.googleapis.com/region":"us-south1"},"metadata":{"@type":"type.googleapis.com/google.firestore.admin.v1.LocationMetadata"},"locationId":"us-south1","displayName":"Dallas"},{"name":"projects/reclothify-logistics/locations/us-west1","labels":{"appengine.googleapis.com/region":"us-west1","cloud.googleapis.com/location":"us-west1","cloud.googleapis.com/region":"us-west1"},"metadata":{"@type":"type.googleapis.com/google.firestore.admin.v1.LocationMetadata"},"locationId":"us-west1","displayName":"Oregon"},{"name":"projects/reclothify-logistics/locations/us-west2","labels":{"appengine.googleapis.com/region":"us-west2","cloud.googleapis.com/location":"us-west2","cloud.googleapis.com/region":"us-west2"},"metadata":{"@type":"type.googleapis.com/google.firestore.admin.v1.LocationMetadata"},"locationId":"us-west2","displayName":"Los Angeles"},{"name":"projects/reclothify-logistics/locations/us-west3","labels":{"appengine.googleapis.com/region":"us-west3","cloud.googleapis.com/location":"us-west3","cloud.googleapis.com/region":"us-west3"},"metadata":{"@type":"type.googleapis.com/google.firestore.admin.v1.LocationMetadata"},"locationId":"us-west3","displayName":"Salt Lake City"},{"name":"projects/reclothify-logistics/locations/us-west4","labels":{"appengine.googleapis.com/region":"us-west4","cloud.googleapis.com/location":"us-west4","cloud.googleapis.com/region":"us-west4"},"metadata":{"@type":"type.googleapis.com/google.firestore.admin.v1.LocationMetadata"},"locationId":"us-west4","displayName":"Las Vegas"},{"name":"projects/reclothify-logistics/locations/us-west8","labels":{"cloud.googleapis.com/location":"us-west8","cloud.googleapis.com/region":"us-west8"},"metadata":{"@type":"type.googleapis.com/google.firestore.admin.v1.LocationMetadata"},"locationId":"us-west8","displayName":"Phoenix"}]}
[info] 
[info] Firestore Security Rules allow you to define how and when to allow
[info] requests. You can keep these rules in your project directory
[info] and publish them with firebase deploy.
[info] 
[debug] [2025-08-09T16:19:53.114Z] Checked if tokens are valid: true, expires at: 1754759213821
[debug] [2025-08-09T16:19:53.114Z] Checked if tokens are valid: true, expires at: 1754759213821
[debug] [2025-08-09T16:19:53.114Z] >>> [apiv2][query] GET https://firebaserules.googleapis.com/v1/projects/reclothify-logistics/releases pageSize=10&pageToken=
[debug] [2025-08-09T16:19:53.927Z] <<< [apiv2][status] GET https://firebaserules.googleapis.com/v1/projects/reclothify-logistics/releases 200
[debug] [2025-08-09T16:19:53.928Z] <<< [apiv2][body] GET https://firebaserules.googleapis.com/v1/projects/reclothify-logistics/releases {}
[info] i  firestore.rules is unchanged 
[info] 
[info] Firestore indexes allow you to perform complex queries while
[info] maintaining performance that scales with the size of the result
[info] set. You can keep index definitions in your project directory
[info] and publish them with firebase deploy.
[info] 
[debug] [2025-08-09T16:19:54.509Z] Checked if tokens are valid: true, expires at: 1754759213821
[debug] [2025-08-09T16:19:54.509Z] Checked if tokens are valid: true, expires at: 1754759213821
[debug] [2025-08-09T16:19:54.510Z] Checked if tokens are valid: true, expires at: 1754759213821
[debug] [2025-08-09T16:19:54.510Z] Checked if tokens are valid: true, expires at: 1754759213821
[debug] [2025-08-09T16:19:54.510Z] >>> [apiv2][query] GET https://firestore.googleapis.com/v1/projects/reclothify-logistics/databases/(default)/collectionGroups/-/indexes [none]
[debug] [2025-08-09T16:19:54.511Z] >>> [apiv2][query] GET https://firestore.googleapis.com/v1/projects/reclothify-logistics/databases/(default)/collectionGroups/-/fields?filter=indexConfig.usesAncestorConfig=false OR ttlConfig:* [none]
[debug] [2025-08-09T16:19:54.643Z] <<< [apiv2][status] GET https://firestore.googleapis.com/v1/projects/reclothify-logistics/databases/(default)/collectionGroups/-/indexes 404
[debug] [2025-08-09T16:19:54.643Z] <<< [apiv2][body] GET https://firestore.googleapis.com/v1/projects/reclothify-logistics/databases/(default)/collectionGroups/-/indexes {"error":{"code":404,"message":"Project 'reclothify-logistics' or database '(default)' does not exist.","status":"NOT_FOUND"}}
[info] i  firestore.indexes.json is unchanged 
[info] +  Wrote firestore.indexes.json 
[info] 
=== Functions Setup
[debug] [2025-08-09T16:19:54.774Z] > command requires scopes: ["email","openid","https://www.googleapis.com/auth/cloudplatformprojects.readonly","https://www.googleapis.com/auth/firebase","https://www.googleapis.com/auth/cloud-platform"]
[debug] [2025-08-09T16:19:54.774Z] > authorizing via signed-in user (reclothify123@gmail.com)
[debug] [2025-08-09T16:19:54.774Z] [iam] checking project reclothify-logistics for permissions ["firebase.projects.get"]
[debug] [2025-08-09T16:19:54.775Z] Checked if tokens are valid: true, expires at: 1754759213821
[debug] [2025-08-09T16:19:54.775Z] Checked if tokens are valid: true, expires at: 1754759213821
[debug] [2025-08-09T16:19:54.776Z] >>> [apiv2][query] POST https://cloudresourcemanager.googleapis.com/v1/projects/reclothify-logistics:testIamPermissions [none]
[debug] [2025-08-09T16:19:54.776Z] >>> [apiv2][(partial)header] POST https://cloudresourcemanager.googleapis.com/v1/projects/reclothify-logistics:testIamPermissions x-goog-quota-user=projects/reclothify-logistics
[debug] [2025-08-09T16:19:54.776Z] >>> [apiv2][body] POST https://cloudresourcemanager.googleapis.com/v1/projects/reclothify-logistics:testIamPermissions {"permissions":["firebase.projects.get"]}
[debug] [2025-08-09T16:19:54.847Z] <<< [apiv2][status] GET https://firestore.googleapis.com/v1/projects/reclothify-logistics/databases/(default)/collectionGroups/-/fields?filter=indexConfig.usesAncestorConfig=false OR ttlConfig:* 404
[debug] [2025-08-09T16:19:54.847Z] <<< [apiv2][body] GET https://firestore.googleapis.com/v1/projects/reclothify-logistics/databases/(default)/collectionGroups/-/fields?filter=indexConfig.usesAncestorConfig=false OR ttlConfig:* {"error":{"code":404,"message":"Project 'reclothify-logistics' or database '(default)' does not exist.","status":"NOT_FOUND"}}
[debug] [2025-08-09T16:19:56.353Z] <<< [apiv2][status] POST https://cloudresourcemanager.googleapis.com/v1/projects/reclothify-logistics:testIamPermissions 200
[debug] [2025-08-09T16:19:56.353Z] <<< [apiv2][body] POST https://cloudresourcemanager.googleapis.com/v1/projects/reclothify-logistics:testIamPermissions {"permissions":["firebase.projects.get"]}
[info] Let's create a new codebase for your functions.
[info] A directory corresponding to the codebase will be created in your project
[info] with sample code pre-configured.

[info] See https://firebase.google.com/docs/functions/organize-functions for
[info] more information on organizing your functions using codebases.

[info] Functions can be deployed with firebase deploy.

[info] i  functions/requirements.txt is unchanged 
[info] i  functions/.gitignore is unchanged 
[info] i  functions/main.py is unchanged 
[debug] [2025-08-09T16:20:00.594Z] Running command with virtualenv: command="C:\Users\LENOVO\Desktop\Reclothify-logistics\reclothify-web\functions\venv\Scripts\activate.bat", args=["","&&","pip3","install","--upgrade","pip"]
[debug] [2025-08-09T16:20:00.956Z] Error: spawn "C:\Users\LENOVO\Desktop\Reclothify-logistics\reclothify-web\functions\venv\Scripts\activate.bat" ENOENT
    at notFoundError (C:\Users\LENOVO\AppData\Roaming\npm\node_modules\firebase-tools\node_modules\cross-spawn\lib\enoent.js:6:26)
    at verifyENOENT (C:\Users\LENOVO\AppData\Roaming\npm\node_modules\firebase-tools\node_modules\cross-spawn\lib\enoent.js:40:16)
    at cp.emit (C:\Users\LENOVO\AppData\Roaming\npm\node_modules\firebase-tools\node_modules\cross-spawn\lib\enoent.js:27:25)
    at ChildProcess._handle.onexit (node:internal/child_process:293:12)
    at Process.callbackTrampoline (node:internal/async_hooks:130:17)
[error] 
[error] Error: An unexpected error has occurred.
